生成启动时间为 2017/10/1 00:49:05。
     1>项目“D:\MCUXpressoIDE__workspace\Remoter\MCU\touchGFX\Application\simulator\msvs\Application.vcxproj”在节点 2 上(Build 个目标)。
     1>CompileAllGeneratedFiles:
         echo Creating compile items for all generated source files: ..\..\generated\fonts\src\ApplicationFontProvider.cpp;..\..\generated\fonts\src\FontGetters.cpp;..\..\generated\fonts\src\Font_RobotoCondensed_Regular_16_4bpp.cpp;..\..\generated\fonts\src\Font_RobotoCondensed_Regular_20_4bpp.cpp;..\..\generated\fonts\src\Font_RobotoCondensed_Regular_24_4bpp.cpp;..\..\generated\fonts\src\Font_RobotoCondensed_Regular_28_4bpp.cpp;..\..\generated\fonts\src\Font_verdana_12_1bpp.cpp;..\..\generated\fonts\src\Font_verdana_16_1bpp.cpp;..\..\generated\fonts\src\Font_verdana_18_1bpp.cpp;..\..\generated\fonts\src\Font_verdana_20_1bpp.cpp;..\..\generated\fonts\src\Font_verdana_40_1bpp.cpp;..\..\generated\fonts\src\Font_verdana_60_1bpp.cpp;..\..\generated\fonts\src\Font_vrindab_75_1bpp.cpp;..\..\generated\fonts\src\Kerning_RobotoCondensed_Regular_16_4bpp.cpp;..\..\generated\fonts\src\Kerning_RobotoCondensed_Regular_20_4bpp.cpp;..\..\generated\fonts\src\Kerning_RobotoCondensed_Regular_24_4bpp.cpp;..\..\generated\fonts\src\Kerning_RobotoCondensed_Regular_28_4bpp.cpp;..\..\generated\fonts\src\Kerning_verdana_12_1bpp.cpp;..\..\generated\fonts\src\Kerning_verdana_16_1bpp.cpp;..\..\generated\fonts\src\Kerning_verdana_18_1bpp.cpp;..\..\generated\fonts\src\Kerning_verdana_20_1bpp.cpp;..\..\generated\fonts\src\Kerning_verdana_40_1bpp.cpp;..\..\generated\fonts\src\Kerning_verdana_60_1bpp.cpp;..\..\generated\fonts\src\Kerning_vrindab_75_1bpp.cpp;..\..\generated\fonts\src\Table_RobotoCondensed_Regular_16_4bpp.cpp;..\..\generated\fonts\src\Table_RobotoCondensed_Regular_20_4bpp.cpp;..\..\generated\fonts\src\Table_RobotoCondensed_Regular_24_4bpp.cpp;..\..\generated\fonts\src\Table_RobotoCondensed_Regular_28_4bpp.cpp;..\..\generated\fonts\src\Table_verdana_12_1bpp.cpp;..\..\generated\fonts\src\Table_verdana_16_1bpp.cpp;..\..\generated\fonts\src\Table_verdana_18_1bpp.cpp;..\..\generated\fonts\src\Table_verdana_20_1bpp.cpp;..\..\generated\fonts\src\Table_verdana_40_1bpp.cpp;..\..\generated\fonts\src\Table_verdana_60_1bpp.cpp;..\..\generated\fonts\src\Table_vrindab_75_1bpp.cpp;..\..\generated\images\src\animation\btn_ani_01.cpp;..\..\generated\images\src\animation\btn_ani_02.cpp;..\..\generated\images\src\animation\btn_ani_03.cpp;..\..\generated\images\src\animation\btn_ani_04.cpp;..\..\generated\images\src\batty\battry00.cpp;..\..\generated\images\src\batty\battry01.cpp;..\..\generated\images\src\batty\battry02.cpp;..\..\generated\images\src\batty\battry03.cpp;..\..\generated\images\src\batty\battry04.cpp;..\..\generated\images\src\batty\battrylow.cpp;..\..\generated\images\src\BitmapDatabase.cpp;..\..\generated\images\src\BtnBack.cpp;..\..\generated\images\src\BtnBack_pressed.cpp;..\..\generated\images\src\Clock\background.cpp;..\..\generated\images\src\Clock\Watch5Background.cpp;..\..\generated\images\src\Clock\Watch5Foreground.cpp;..\..\generated\images\src\CustomControls\controls_background.cpp;..\..\generated\images\src\CustomControls\controls_menu_background.cpp;..\..\generated\images\src\CustomControls\controls_three_way_small_circle.cpp;..\..\generated\images\src\CustomControls\controls_wheel_background.cpp;..\..\generated\images\src\CustomControls\control_center_button.cpp;..\..\generated\images\src\CustomControls\control_center_button_pressed.cpp;..\..\generated\images\src\CustomControls\control_color_wheel.cpp;..\..\generated\images\src\CustomControls\control_menu_arrow_down.cpp;..\..\generated\images\src\CustomControls\control_menu_arrow_down_inactive.cpp;..\..\generated\images\src\CustomControls\control_menu_arrow_down_pressed.cpp;..\..\generated\images\src\CustomControls\control_menu_arrow_up-inactive.cpp;..\..\generated\images\src\CustomControls\control_menu_arrow_up-pressed.cpp;..\..\generated\images\src\CustomControls\control_menu_arrow_up.cpp;..\..\generated\images\src\CustomControls\control_menu_button.cpp;..\..\generated\images\src\CustomControls\control_menu_button_pressed.cpp;..\..\generated\images\src\CustomControls\control_menu_icon_datepicker_large.cpp;..\..\generated\images\src\CustomControls\control_menu_icon_datepicker_small.cpp;..\..\generated\images\src\CustomControls\control_menu_icon_gauge_large.cpp;..\..\generated\images\src\CustomControls\control_menu_icon_gauge_small.cpp;..\..\generated\images\src\CustomControls\control_menu_icon_percentage_large.cpp;..\..\generated\images\src\CustomControls\control_menu_icon_percentage_small.cpp;..\..\generated\images\src\CustomControls\control_menu_icon_three_way_large.cpp;..\..\generated\images\src\CustomControls\control_menu_icon_three_way_small.cpp;..\..\generated\images\src\CustomControls\control_menu_shadow_bottom.cpp;..\..\generated\images\src\CustomControls\control_menu_shadow_top.cpp;..\..\generated\images\src\CustomControls\datepicker_bottom_shadow_overlay.cpp;..\..\generated\images\src\CustomControls\datepicker_glass_overlay.cpp;..\..\generated\images\src\CustomControls\datepicker_main_background.cpp;..\..\generated\images\src\CustomControls\datepicker_top_shadow_overlay.cpp;..\..\generated\images\src\CustomControls\Done_48.cpp;..\..\generated\images\src\CustomControls\gauge_background.cpp;..\..\generated\images\src\CustomControls\gauge_needle_pin.cpp;..\..\generated\images\src\CustomControls\Home_48.cpp;..\..\generated\images\src\CustomControls\schedule_set_time_duration_bottom_gradient.cpp;..\..\generated\images\src\CustomControls\schedule_set_time_duration_glass_overlay.cpp;..\..\generated\images\src\CustomControls\schedule_set_time_duration_top_gradient.cpp;..\..\generated\images\src\CustomControls\schedule_set_time_duration_wheel_gradient.cpp;..\..\generated\images\src\CustomControls\set_time_background.cpp;..\..\generated\images\src\CustomControls\small_circle_bin_icon_active.cpp;..\..\generated\images\src\CustomControls\small_circle_bin_icon_inactive.cpp;..\..\generated\images\src\CustomControls\small_circle_folder_icon_active.cpp;..\..\generated\images\src\CustomControls\small_circle_folder_icon_inactive.cpp;..\..\generated\images\src\CustomControls\small_circle_papers_icon_active.cpp;..\..\generated\images\src\CustomControls\small_circle_papers_icon_inactive.cpp;..\..\generated\images\src\CustomControls\timepicker_bottom_shadow_overlay.cpp;..\..\generated\images\src\CustomControls\timepicker_main_background.cpp;..\..\generated\images\src\CustomControls\timepicker_top_shadow_overlay.cpp;..\..\generated\images\src\demo_mcu_load_background.cpp;..\..\generated\images\src\keyboard\icon_keyboard_even_row.cpp;..\..\generated\images\src\keyboard\icon_keyboard_highlighted.cpp;..\..\generated\images\src\keyboard\icon_keyboard_odd_row.cpp;..\..\generated\images\src\keyboard\keyboard_background.cpp;..\..\generated\images\src\keyboard\keyboard_key_delete_highlighted.cpp;..\..\generated\images\src\keyboard\keyboard_key_highlighted.cpp;..\..\generated\images\src\keyboard\keyboard_key_num_highlighted.cpp;..\..\generated\images\src\keyboard\keyboard_key_shift_highlighted.cpp;..\..\generated\images\src\keyboard\keyboard_space_highlighted.cpp;..\..\generated\images\src\MainMenu\demo_back_button.cpp;..\..\generated\images\src\MainMenu\demo_back_button_pressed.cpp;..\..\generated\images\src\MainMenu\MainMenu_btn_bg.cpp;..\..\generated\images\src\MainMenu\MainMenu_btn_BT.cpp;..\..\generated\images\src\MainMenu\MainMenu_btn_BT_pressed.cpp;..\..\generated\images\src\MainMenu\MainMenu_btn_BT_small.cpp;..\..\generated\images\src\MainMenu\MainMenu_btn_Mic.cpp;..\..\generated\images\src\MainMenu\MainMenu_btn_Mic_pressed.cpp;..\..\generated\images\src\MainMenu\MainMenu_btn_Mic_small.cpp;..\..\generated\images\src\MainMenu\MainMenu_btn_pressed.cpp;..\..\generated\images\src\MainMenu\MainMenu_btn_Remoter.cpp;..\..\generated\images\src\MainMenu\MainMenu_btn_Remoter_pressed.cpp;..\..\generated\images\src\MainMenu\MainMenu_btn_Remoter_small.cpp;..\..\generated\images\src\MainMenu\MainMenu_btn_ST.cpp;..\..\generated\images\src\MainMenu\MainMenu_btn_ST_pressed.cpp;..\..\generated\images\src\MainMenu\MainMenu_btn_ST_small.cpp;..\..\generated\images\src\MainMenu\MainMenu_btn_Time.cpp;..\..\generated\images\src\MainMenu\MainMenu_btn_Time_pressed.cpp;..\..\generated\images\src\MainMenu\MainMenu_btn_Time_small.cpp;..\..\generated\images\src\MainMenu\MainMenu_btn_Wifi.cpp;..\..\generated\images\src\MainMenu\MainMenu_btn_Wifi_pressed.cpp;..\..\generated\images\src\MainMenu\MainMenu_btn_Wifi_small.cpp;..\..\generated\images\src\MainMenu\menu_demo_button.cpp;..\..\generated\images\src\MainMenu\menu_demo_button_pressed.cpp;..\..\generated\images\src\MainMenu\menu_demo_in_progress.cpp;..\..\generated\images\src\MainMenu\menu_description_field_background.cpp;..\..\generated\images\src\Main_bg_240x320px.cpp;..\..\generated\images\src\Off_43x30.cpp;..\..\generated\images\src\Off_pressed_43x30.cpp;..\..\generated\images\src\On_43x30.cpp;..\..\generated\images\src\On_pressed_43x30.cpp;..\..\generated\images\src\StatusBar\BlueTooth_32x32.cpp;..\..\generated\images\src\StatusBar\ic_wifi_lock_signal_1_dark.cpp;..\..\generated\images\src\StatusBar\ic_wifi_lock_signal_2_dark.cpp;..\..\generated\images\src\StatusBar\ic_wifi_lock_signal_3_dark.cpp;..\..\generated\images\src\StatusBar\ic_wifi_lock_signal_4_dark.cpp;..\..\generated\images\src\StatusBar\ic_wifi_signal_1_dark.cpp;..\..\generated\images\src\StatusBar\ic_wifi_signal_2_dark.cpp;..\..\generated\images\src\StatusBar\ic_wifi_signal_3_dark.cpp;..\..\generated\images\src\StatusBar\ic_wifi_signal_4_dark.cpp;..\..\generated\images\src\SunListMenu\bg.cpp;..\..\generated\images\src\SunListMenu\delete_button.cpp;..\..\generated\images\src\SunListMenu\delete_button_pressed.cpp;..\..\generated\images\src\SunListMenu\list_element_0.cpp;..\..\generated\images\src\SunListMenu\list_element_1.cpp;..\..\generated\images\src\SunListMenu\list_element_2.cpp;..\..\generated\texts\src\LanguageGb.cpp;..\..\generated\texts\src\Texts.cpp;..\..\generated\texts\src\TypedTextDatabase.cpp
         Creating compile items for all generated source files: ..\..\generated\fonts\src\ApplicationFontProvider.cpp;..\..\generated\fonts\src\FontGetters.cpp;..\..\generated\fonts\src\Font_RobotoCondensed_Regular_16_4bpp.cpp;..\..\generated\fonts\src\Font_RobotoCondensed_Regular_20_4bpp.cpp;..\..\generated\fonts\src\Font_RobotoCondensed_Regular_24_4bpp.cpp;..\..\generated\fonts\src\Font_RobotoCondensed_Regular_28_4bpp.cpp;..\..\generated\fonts\src\Font_verdana_12_1bpp.cpp;..\..\generated\fonts\src\Font_verdana_16_1bpp.cpp;..\..\generated\fonts\src\Font_verdana_18_1bpp.cpp;..\..\generated\fonts\src\Font_verdana_20_1bpp.cpp;..\..\generated\fonts\src\Font_verdana_40_1bpp.cpp;..\..\generated\fonts\src\Font_verdana_60_1bpp.cpp;..\..\generated\fonts\src\Font_vrindab_75_1bpp.cpp;..\..\generated\fonts\src\Kerning_RobotoCondensed_Regular_16_4bpp.cpp;..\..\generated\fonts\src\Kerning_RobotoCondensed_Regular_20_4bpp.cpp;..\..\generated\fonts\src\Kerning_RobotoCondensed_Regular_24_4bpp.cpp;..\..\generated\fonts\src\Kerning_RobotoCondensed_Regular_28_4bpp.cpp;..\..\generated\fonts\src\Kerning_verdana_12_1bpp.cpp;..\..\generated\fonts\src\Kerning_verdana_16_1bpp.cpp;..\..\generated\fonts\src\Kerning_verdana_18_1bpp.cpp;..\..\generated\fonts\src\Kerning_verdana_20_1bpp.cpp;..\..\generated\fonts\src\Kerning_verdana_40_1bpp.cpp;..\..\generated\fonts\src\Kerning_verdana_60_1bpp.cpp;..\..\generated\fonts\src\Kerning_vrindab_75_1bpp.cpp;..\..\generated\fonts\src\Table_RobotoCondensed_Regular_16_4bpp.cpp;..\..\generated\fonts\src\Table_RobotoCondensed_Regular_20_4bpp.cpp;..\..\generated\fonts\src\Table_RobotoCondensed_Regular_24_4bpp.cpp;..\..\generated\fonts\src\Table_RobotoCondensed_Regular_28_4bpp.cpp;..\..\generated\fonts\src\Table_verdana_12_1bpp.cpp;..\..\generated\fonts\src\Table_verdana_16_1bpp.cpp;..\..\generated\fonts\src\Table_verdana_18_1bpp.cpp;..\..\generated\fonts\src\Table_verdana_20_1bpp.cpp;..\..\generated\fonts\src\Table_verdana_40_1bpp.cpp;..\..\generated\fonts\src\Table_verdana_60_1bpp.cpp;..\..\generated\fonts\src\Table_vrindab_75_1bpp.cpp;..\..\generated\images\src\animation\btn_ani_01.cpp;..\..\generated\images\src\animation\btn_ani_02.cpp;..\..\generated\images\src\animation\btn_ani_03.cpp;..\..\generated\images\src\animation\btn_ani_04.cpp;..\..\generated\images\src\batty\battry00.cpp;..\..\generated\images\src\batty\battry01.cpp;..\..\generated\images\src\batty\battry02.cpp;..\..\generated\images\src\batty\battry03.cpp;..\..\generated\images\src\batty\battry04.cpp;..\..\generated\images\src\batty\battrylow.cpp;..\..\generated\images\src\BitmapDatabase.cpp;..\..\generated\images\src\BtnBack.cpp;..\..\generated\images\src\BtnBack_pressed.cpp;..\..\generated\images\src\Clock\background.cpp;..\..\generated\images\src\Clock\Watch5Background.cpp;..\..\generated\images\src\Clock\Watch5Foreground.cpp;..\..\generated\images\src\CustomControls\controls_background.cpp;..\..\generated\images\src\CustomControls\controls_menu_background.cpp;..\..\generated\images\src\CustomControls\controls_three_way_small_circle.cpp;..\..\generated\images\src\CustomControls\controls_wheel_background.cpp;..\..\generated\images\src\CustomControls\control_center_button.cpp;..\..\generated\images\src\CustomControls\control_center_button_pressed.cpp;..\..\generated\images\src\CustomControls\control_color_wheel.cpp;..\..\generated\images\src\CustomControls\control_menu_arrow_down.cpp;..\..\generated\images\src\CustomControls\control_menu_arrow_down_inactive.cpp;..\..\generated\images\src\CustomControls\control_menu_arrow_down_pressed.cpp;..\..\generated\images\src\CustomControls\control_menu_arrow_up-inactive.cpp;..\..\generated\images\src\CustomControls\control_menu_arrow_up-pressed.cpp;..\..\generated\images\src\CustomControls\control_menu_arrow_up.cpp;..\..\generated\images\src\CustomControls\control_menu_button.cpp;..\..\generated\images\src\CustomControls\control_menu_button_pressed.cpp;..\..\generated\images\src\CustomControls\control_menu_icon_datepicker_large.cpp;..\..\generated\images\src\CustomControls\control_menu_icon_datepicker_small.cpp;..\..\generated\images\src\CustomControls\control_menu_icon_gauge_large.cpp;..\..\generated\images\src\CustomControls\control_menu_icon_gauge_small.cpp;..\..\generated\images\src\CustomControls\control_menu_icon_percentage_large.cpp;..\..\generated\images\src\CustomControls\control_menu_icon_percentage_small.cpp;..\..\generated\images\src\CustomControls\control_menu_icon_three_way_large.cpp;..\..\generated\images\src\CustomControls\control_menu_icon_three_way_small.cpp;..\..\generated\images\src\CustomControls\control_menu_shadow_bottom.cpp;..\..\generated\images\src\CustomControls\control_menu_shadow_top.cpp;..\..\generated\images\src\CustomControls\datepicker_bottom_shadow_overlay.cpp;..\..\generated\images\src\CustomControls\datepicker_glass_overlay.cpp;..\..\generated\images\src\CustomControls\datepicker_main_background.cpp;..\..\generated\images\src\CustomControls\datepicker_top_shadow_overlay.cpp;..\..\generated\images\src\CustomControls\Done_48.cpp;..\..\generated\images\src\CustomControls\gauge_background.cpp;..\..\generated\images\src\CustomControls\gauge_needle_pin.cpp;..\..\generated\images\src\CustomControls\Home_48.cpp;..\..\generated\images\src\CustomControls\schedule_set_time_duration_bottom_gradient.cpp;..\..\generated\images\src\CustomControls\schedule_set_time_duration_glass_overlay.cpp;..\..\generated\images\src\CustomControls\schedule_set_time_duration_top_gradient.cpp;..\..\generated\images\src\CustomControls\schedule_set_time_duration_wheel_gradient.cpp;..\..\generated\images\src\CustomControls\set_time_background.cpp;..\..\generated\images\src\CustomControls\small_circle_bin_icon_active.cpp;..\..\generated\images\src\CustomControls\small_circle_bin_icon_inactive.cpp;..\..\generated\images\src\CustomControls\small_circle_folder_icon_active.cpp;..\..\generated\images\src\CustomControls\small_circle_folder_icon_inactive.cpp;..\..\generated\images\src\CustomControls\small_circle_papers_icon_active.cpp;..\..\generated\images\src\CustomControls\small_circle_papers_icon_inactive.cpp;..\..\generated\images\src\CustomControls\timepicker_bottom_shadow_overlay.cpp;..\..\generated\images\src\CustomControls\timepicker_main_background.cpp;..\..\generated\images\src\CustomControls\timepicker_top_shadow_overlay.cpp;..\..\generated\images\src\demo_mcu_load_background.cpp;..\..\generated\images\src\keyboard\icon_keyboard_even_row.cpp;..\..\generated\images\src\keyboard\icon_keyboard_highlighted.cpp;..\..\generated\images\src\keyboard\icon_keyboard_odd_row.cpp;..\..\generated\images\src\keyboard\keyboard_background.cpp;..\..\generated\images\src\keyboard\keyboard_key_delete_highlighted.cpp;..\..\generated\images\src\keyboard\keyboard_key_highlighted.cpp;..\..\generated\images\src\keyboard\keyboard_key_num_highlighted.cpp;..\..\generated\images\src\keyboard\keyboard_key_shift_highlighted.cpp;..\..\generated\images\src\keyboard\keyboard_space_highlighted.cpp;..\..\generated\images\src\MainMenu\demo_back_button.cpp;..\..\generated\images\src\MainMenu\demo_back_button_pressed.cpp;..\..\generated\images\src\MainMenu\MainMenu_btn_bg.cpp;..\..\generated\images\src\MainMenu\MainMenu_btn_BT.cpp;..\..\generated\images\src\MainMenu\MainMenu_btn_BT_pressed.cpp;..\..\generated\images\src\MainMenu\MainMenu_btn_BT_small.cpp;..\..\generated\images\src\MainMenu\MainMenu_btn_Mic.cpp;..\..\generated\images\src\MainMenu\MainMenu_btn_Mic_pressed.cpp;..\..\generated\images\src\MainMenu\MainMenu_btn_Mic_small.cpp;..\..\generated\images\src\MainMenu\MainMenu_btn_pressed.cpp;..\..\generated\images\src\MainMenu\MainMenu_btn_Remoter.cpp;..\..\generated\images\src\MainMenu\MainMenu_btn_Remoter_pressed.cpp;..\..\generated\images\src\MainMenu\MainMenu_btn_Remoter_small.cpp;..\..\generated\images\src\MainMenu\MainMenu_btn_ST.cpp;..\..\generated\images\src\MainMenu\MainMenu_btn_ST_pressed.cpp;..\..\generated\images\src\MainMenu\MainMenu_btn_ST_small.cpp;..\..\generated\images\src\MainMenu\MainMenu_btn_Time.cpp;..\..\generated\images\src\MainMenu\MainMenu_btn_Time_pressed.cpp;..\..\generated\images\src\MainMenu\MainMenu_btn_Time_small.cpp;..\..\generate\
       ClCompile:
         E:\Program Files (x86)\Microsoft Visual Studio 12.0\VC\bin\CL.exe /c /I..\..\gui\include /I..\..\generated\images\include /I..\..\generated\bitmaps\include /I..\..\generated\fonts\include /I..\..\generated\texts\include /I..\..\generated\gui_generated\include /IE:\touchgfx\4.8.0\\touchgfx\framework\common\include /IE:\touchgfx\4.8.0\\touchgfx\framework\mvp\include /IE:\touchgfx\4.8.0\\touchgfx\framework\include\platform\hal\simulator\sdl2\vendor /IE:\touchgfx\4.8.0\\touchgfx\framework\include /ZI /nologo /W3 /WX /MP /Od /Oy- /D WIN32 /D _DEBUG /D _CONSOLE /D GUI_RESOURCE_ONLY_INTERNAL_FLASH=0 /D SIMULATOR /D _ITERATOR_DEBUG_LEVEL=0 /Gm- /EHsc /RTC1 /MDd /GS /fp:precise /Zc:wchar_t /Zc:forScope /Fo"..\..\build\Debug\obj\\" /Fd"..\..\build\Debug\obj\vc120.pdb" /Gd /TP /wd4355 /wd4457 /wd4458 /wd4459 /analyze- /errorReport:prompt /DUSE_BPP=16 ..\..\gui\src\custom_controls_screen\SleepSchedule.cpp
         SleepSchedule.cpp
       Link:
         E:\Program Files (x86)\Microsoft Visual Studio 12.0\VC\bin\link.exe /ERRORREPORT:PROMPT /OUT:"..\..\build\Debug\bin\Application.exe" /INCREMENTAL /NOLOGO /WX E:\touchgfx\4.8.0\\touchgfx\lib\sdl2\win32\SDL2.lib E:\touchgfx\4.8.0\\touchgfx\lib\sdl2\win32\SDL2_image.lib E:\touchgfx\4.8.0\\touchgfx\lib\win\msvs\libtouchgfx_v120_debug.lib user32.lib shell32.lib /MANIFEST /MANIFESTUAC:"level='asInvoker' uiAccess='false'" /manifest:embed /DEBUG /PDB:"..\..\build\Debug\bin\Application.pdb" /SUBSYSTEM:WINDOWS /TLBID:1 /DYNAMICBASE /NXCOMPAT /IMPLIB:"..\..\build\Debug\bin\Application.lib" /MACHINE:X86 /NODEFAULTLIB:msvcrt.lib ..\..\build\Debug\obj\TouchGFX.res
         ..\..\build\Debug\obj\SDL2TouchController.obj
         ..\..\build\Debug\obj\HALSDL2.obj
         ..\..\build\Debug\obj\HALSDL2_icon.obj
         ..\..\build\Debug\obj\OSWrappers.obj
         ..\..\build\Debug\obj\analogclockViewBase.obj
         ..\..\build\Debug\obj\BTControlViewBase.obj
         ..\..\build\Debug\obj\FrontendApplicationBase.obj
         ..\..\build\Debug\obj\MainMenuViewBase.obj
         ..\..\build\Debug\obj\ScreenSaverClockViewBase.obj
         ..\..\build\Debug\obj\TimeAndDateViewBase.obj
         ..\..\build\Debug\obj\WifiControlViewBase.obj
         ..\..\build\Debug\obj\analogclockPresenter.obj
         ..\..\build\Debug\obj\analogclockView.obj
         ..\..\build\Debug\obj\BTControlPresenter.obj
         ..\..\build\Debug\obj\BTControlView.obj
         ..\..\build\Debug\obj\ControlData.obj
         ..\..\build\Debug\obj\CustomListElement.obj
         ..\..\build\Debug\obj\DemoPresenter.obj
         ..\..\build\Debug\obj\FrontendApplication.obj
         ..\..\build\Debug\obj\ImageMenu.obj
         ..\..\build\Debug\obj\McuLoadSlider.obj
         ..\..\build\Debug\obj\StatusBar.obj
         ..\..\build\Debug\obj\TimeUtils.obj
         ..\..\build\Debug\obj\CircularProgress.obj
         ..\..\build\Debug\obj\CustomControlsPresenter.obj
         ..\..\build\Debug\obj\CustomControlsView.obj
         ..\..\build\Debug\obj\DatePicker.obj
         ..\..\build\Debug\obj\Gauge.obj
         ..\..\build\Debug\obj\HorizontalSlideMenu.obj
         ..\..\build\Debug\obj\SleepSchedule.obj
         ..\..\build\Debug\obj\ThreeWayProgressBar.obj
         ..\..\build\Debug\obj\ThreeWayProgressBarCircle.obj
         ..\..\build\Debug\obj\TimeFormarSet.obj
         ..\..\build\Debug\obj\TimePicker.obj
         ..\..\build\Debug\obj\VerticalSlideMenu.obj
         ..\..\build\Debug\obj\WheelSelector.obj
         ..\..\build\Debug\obj\WheelSelectorExtra.obj
         ..\..\build\Debug\obj\DevicePort.obj
         ..\..\build\Debug\obj\CustomKeyboard.obj
         ..\..\build\Debug\obj\MainMenuPresenter.obj
         ..\..\build\Debug\obj\MainMenuView.obj
         ..\..\build\Debug\obj\Model.obj
         ..\..\build\Debug\obj\ModelListener.obj
         ..\..\build\Debug\obj\analogclock.obj
         ..\..\build\Debug\obj\DigitalClock.obj
         ..\..\build\Debug\obj\ScreenSaverClockPresenter.obj
         ..\..\build\Debug\obj\ScreenSaverClockView.obj
         ..\..\build\Debug\obj\TimeAndDatePresenter.obj
         ..\..\build\Debug\obj\TimeAndDateView.obj
         ..\..\build\Debug\obj\WifiControlPresenter.obj
         ..\..\build\Debug\obj\WifiControlView.obj
         ..\..\build\Debug\obj\main.obj
         ..\..\build\Debug\obj\ApplicationFontProvider.obj
         ..\..\build\Debug\obj\FontGetters.obj
         ..\..\build\Debug\obj\Font_RobotoCondensed_Regular_16_4bpp.obj
         ..\..\build\Debug\obj\Font_RobotoCondensed_Regular_20_4bpp.obj
         ..\..\build\Debug\obj\Font_RobotoCondensed_Regular_24_4bpp.obj
         ..\..\build\Debug\obj\Font_RobotoCondensed_Regular_28_4bpp.obj
         ..\..\build\Debug\obj\Font_verdana_12_1bpp.obj
         ..\..\build\Debug\obj\Font_verdana_16_1bpp.obj
         ..\..\build\Debug\obj\Font_verdana_18_1bpp.obj
         ..\..\build\Debug\obj\Font_verdana_20_1bpp.obj
         ..\..\build\Debug\obj\Font_verdana_40_1bpp.obj
         ..\..\build\Debug\obj\Font_verdana_60_1bpp.obj
         ..\..\build\Debug\obj\Font_vrindab_75_1bpp.obj
         ..\..\build\Debug\obj\Kerning_RobotoCondensed_Regular_16_4bpp.obj
         ..\..\build\Debug\obj\Kerning_RobotoCondensed_Regular_20_4bpp.obj
         ..\..\build\Debug\obj\Kerning_RobotoCondensed_Regular_24_4bpp.obj
         ..\..\build\Debug\obj\Kerning_RobotoCondensed_Regular_28_4bpp.obj
         ..\..\build\Debug\obj\Kerning_verdana_12_1bpp.obj
         ..\..\build\Debug\obj\Kerning_verdana_16_1bpp.obj
         ..\..\build\Debug\obj\Kerning_verdana_18_1bpp.obj
         ..\..\build\Debug\obj\Kerning_verdana_20_1bpp.obj
         ..\..\build\Debug\obj\Kerning_verdana_40_1bpp.obj
         ..\..\build\Debug\obj\Kerning_verdana_60_1bpp.obj
         ..\..\build\Debug\obj\Kerning_vrindab_75_1bpp.obj
         ..\..\build\Debug\obj\Table_RobotoCondensed_Regular_16_4bpp.obj
         ..\..\build\Debug\obj\Table_RobotoCondensed_Regular_20_4bpp.obj
         ..\..\build\Debug\obj\Table_RobotoCondensed_Regular_24_4bpp.obj
         ..\..\build\Debug\obj\Table_RobotoCondensed_Regular_28_4bpp.obj
         ..\..\build\Debug\obj\Table_verdana_12_1bpp.obj
         ..\..\build\Debug\obj\Table_verdana_16_1bpp.obj
         ..\..\build\Debug\obj\Table_verdana_18_1bpp.obj
         ..\..\build\Debug\obj\Table_verdana_20_1bpp.obj
         ..\..\build\Debug\obj\Table_verdana_40_1bpp.obj
         ..\..\build\Debug\obj\Table_verdana_60_1bpp.obj
         ..\..\build\Debug\obj\Table_vrindab_75_1bpp.obj
         ..\..\build\Debug\obj\btn_ani_01.obj
         ..\..\build\Debug\obj\btn_ani_02.obj
         ..\..\build\Debug\obj\btn_ani_03.obj
         ..\..\build\Debug\obj\btn_ani_04.obj
         ..\..\build\Debug\obj\battry00.obj
         ..\..\build\Debug\obj\battry01.obj
         ..\..\build\Debug\obj\battry02.obj
         ..\..\build\Debug\obj\battry03.obj
         ..\..\build\Debug\obj\battry04.obj
         ..\..\build\Debug\obj\battrylow.obj
         ..\..\build\Debug\obj\BitmapDatabase.obj
         ..\..\build\Debug\obj\BtnBack.obj
         ..\..\build\Debug\obj\BtnBack_pressed.obj
         ..\..\build\Debug\obj\background.obj
         ..\..\build\Debug\obj\Watch5Background.obj
         ..\..\build\Debug\obj\Watch5Foreground.obj
         ..\..\build\Debug\obj\controls_background.obj
         ..\..\build\Debug\obj\controls_menu_background.obj
         ..\..\build\Debug\obj\controls_three_way_small_circle.obj
         ..\..\build\Debug\obj\controls_wheel_background.obj
         ..\..\build\Debug\obj\control_center_button.obj
         ..\..\build\Debug\obj\control_center_button_pressed.obj
         ..\..\build\Debug\obj\control_color_wheel.obj
         ..\..\build\Debug\obj\control_menu_arrow_down.obj
         ..\..\build\Debug\obj\control_menu_arrow_down_inactive.obj
         ..\..\build\Debug\obj\control_menu_arrow_down_pressed.obj
         "..\..\build\Debug\obj\control_menu_arrow_up-inactive.obj"
         "..\..\build\Debug\obj\control_menu_arrow_up-pressed.obj"
         ..\..\build\Debug\obj\control_menu_arrow_up.obj
         ..\..\build\Debug\obj\control_menu_button.obj
         ..\..\build\Debug\obj\control_menu_button_pressed.obj
         ..\..\build\Debug\obj\control_menu_icon_datepicker_large.obj
         ..\..\build\Debug\obj\control_menu_icon_datepicker_small.obj
         ..\..\build\Debug\obj\control_menu_icon_gauge_large.obj
         ..\..\build\Debug\obj\control_menu_icon_gauge_small.obj
         ..\..\build\Debug\obj\control_menu_icon_percentage_large.obj
         ..\..\build\Debug\obj\control_menu_icon_percentage_small.obj
         ..\..\build\Debug\obj\control_menu_icon_three_way_large.obj
         ..\..\build\Debug\obj\control_menu_icon_three_way_small.obj
         ..\..\build\Debug\obj\control_menu_shadow_bottom.obj
         ..\..\build\Debug\obj\control_menu_shadow_top.obj
         ..\..\build\Debug\obj\datepicker_bottom_shadow_overlay.obj
         ..\..\build\Debug\obj\datepicker_glass_overlay.obj
         ..\..\build\Debug\obj\datepicker_main_background.obj
         ..\..\build\Debug\obj\datepicker_top_shadow_overlay.obj
         ..\..\build\Debug\obj\Done_48.obj
         ..\..\build\Debug\obj\gauge_background.obj
         ..\..\build\Debug\obj\gauge_needle_pin.obj
         ..\..\build\Debug\obj\Home_48.obj
         ..\..\build\Debug\obj\schedule_set_time_duration_bottom_gradient.obj
         ..\..\build\Debug\obj\schedule_set_time_duration_glass_overlay.obj
         ..\..\build\Debug\obj\schedule_set_time_duration_top_gradient.obj
         ..\..\build\Debug\obj\schedule_set_time_duration_wheel_gradient.obj
         ..\..\build\Debug\obj\set_time_background.obj
         ..\..\build\Debug\obj\small_circle_bin_icon_active.obj
         ..\..\build\Debug\obj\small_circle_bin_icon_inactive.obj
         ..\..\build\Debug\obj\small_circle_folder_icon_active.obj
         ..\..\build\Debug\obj\small_circle_folder_icon_inactive.obj
         ..\..\build\Debug\obj\small_circle_papers_icon_active.obj
         ..\..\build\Debug\obj\small_circle_papers_icon_inactive.obj
         ..\..\build\Debug\obj\timepicker_bottom_shadow_overlay.obj
         ..\..\build\Debug\obj\timepicker_main_background.obj
         ..\..\build\Debug\obj\timepicker_top_shadow_overlay.obj
         ..\..\build\Debug\obj\demo_mcu_load_background.obj
         ..\..\build\Debug\obj\icon_keyboard_even_row.obj
         ..\..\build\Debug\obj\icon_keyboard_highlighted.obj
         ..\..\build\Debug\obj\icon_keyboard_odd_row.obj
         ..\..\build\Debug\obj\keyboard_background.obj
         ..\..\build\Debug\obj\keyboard_key_delete_highlighted.obj
         ..\..\build\Debug\obj\keyboard_key_highlighted.obj
         ..\..\build\Debug\obj\keyboard_key_num_highlighted.obj
         ..\..\build\Debug\obj\keyboard_key_shift_highlighted.obj
         ..\..\build\Debug\obj\keyboard_space_highlighted.obj
         ..\..\build\Debug\obj\demo_back_button.obj
         ..\..\build\Debug\obj\demo_back_button_pressed.obj
         ..\..\build\Debug\obj\MainMenu_btn_bg.obj
         ..\..\build\Debug\obj\MainMenu_btn_BT.obj
         ..\..\build\Debug\obj\MainMenu_btn_BT_pressed.obj
         ..\..\build\Debug\obj\MainMenu_btn_BT_small.obj
         ..\..\build\Debug\obj\MainMenu_btn_Mic.obj
         ..\..\build\Debug\obj\MainMenu_btn_Mic_pressed.obj
         ..\..\build\Debug\obj\MainMenu_btn_Mic_small.obj
         ..\..\build\Debug\obj\MainMenu_btn_pressed.obj
         ..\..\build\Debug\obj\MainMenu_btn_Remoter.obj
         ..\..\build\Debug\obj\MainMenu_btn_Remoter_pressed.obj
         ..\..\build\Debug\obj\MainMenu_btn_Remoter_small.obj
         ..\..\build\Debug\obj\MainMenu_btn_ST.obj
         ..\..\build\Debug\obj\MainMenu_btn_ST_pressed.obj
         ..\..\build\Debug\obj\MainMenu_btn_ST_small.obj
         ..\..\build\Debug\obj\MainMenu_btn_Time.obj
         ..\..\build\Debug\obj\MainMenu_btn_Time_pressed.obj
         ..\..\build\Debug\obj\MainMenu_btn_Time_small.obj
         ..\..\build\Debug\obj\MainMenu_btn_Wifi.obj
         ..\..\build\Debug\obj\MainMenu_btn_Wifi_pressed.obj
         ..\..\build\Debug\obj\MainMenu_btn_Wifi_small.obj
         ..\..\build\Debug\obj\menu_demo_button.obj
         ..\..\build\Debug\obj\menu_demo_button_pressed.obj
         ..\..\build\Debug\obj\menu_demo_in_progress.obj
         ..\..\build\Debug\obj\menu_description_field_background.obj
         ..\..\build\Debug\obj\Main_bg_240x320px.obj
         ..\..\build\Debug\obj\Off_43x30.obj
         ..\..\build\Debug\obj\Off_pressed_43x30.obj
         ..\..\build\Debug\obj\On_43x30.obj
         ..\..\build\Debug\obj\On_pressed_43x30.obj
         ..\..\build\Debug\obj\BlueTooth_32x32.obj
         ..\..\build\Debug\obj\ic_wifi_lock_signal_1_dark.obj
         ..\..\build\Debug\obj\ic_wifi_lock_signal_2_dark.obj
         ..\..\build\Debug\obj\ic_wifi_lock_signal_3_dark.obj
         ..\..\build\Debug\obj\ic_wifi_lock_signal_4_dark.obj
         ..\..\build\Debug\obj\ic_wifi_signal_1_dark.obj
         ..\..\build\Debug\obj\ic_wifi_signal_2_dark.obj
         ..\..\build\Debug\obj\ic_wifi_signal_3_dark.obj
         ..\..\build\Debug\obj\ic_wifi_signal_4_dark.obj
         ..\..\build\Debug\obj\bg.obj
         ..\..\build\Debug\obj\delete_button.obj
         ..\..\build\Debug\obj\delete_button_pressed.obj
         ..\..\build\Debug\obj\list_element_0.obj
         ..\..\build\Debug\obj\list_element_1.obj
         ..\..\build\Debug\obj\list_element_2.obj
         ..\..\build\Debug\obj\LanguageGb.obj
         ..\..\build\Debug\obj\Texts.obj
         ..\..\build\Debug\obj\TypedTextDatabase.obj
         Application.vcxproj -> D:\MCUXpressoIDE__workspace\Remoter\MCU\touchGFX\Application\simulator\msvs\..\..\build\Debug\bin\Application.exe
       PostBuildEvent:
         copy E:\touchgfx\4.8.0\\touchgfx\lib\sdl2\win32\SDL2.dll ..\..\build\Debug\bin\
         copy E:\touchgfx\4.8.0\\touchgfx\lib\sdl2\win32\SDL2_image.dll ..\..\build\Debug\bin\
         copy E:\touchgfx\4.8.0\\touchgfx\lib\sdl2\win32\libpng16-16.dll ..\..\build\Debug\bin\
         copy E:\touchgfx\4.8.0\\touchgfx\lib\sdl2\win32\zlib1.dll ..\..\build\Debug\bin\
         if exist ..\landscape.png copy /y ..\landscape.png ..\..\build\Debug\bin\
         if exist ..\portrait.png copy /y ..\portrait.png ..\..\build\Debug\bin\
         
         :VCEnd
                 1 file(s) copied.
                 1 file(s) copied.
                 1 file(s) copied.
                 1 file(s) copied.
     1>已完成生成项目“D:\MCUXpressoIDE__workspace\Remoter\MCU\touchGFX\Application\simulator\msvs\Application.vcxproj”(Build 个目标)的操作。

生成成功。

已用时间 00:00:01.32
